<?xml version="1.0" encoding="UTF-8" standalone="no"?>
<!DOCTYPE log SYSTEM "logger.dtd">
<log>
<record>
  <date>2019-10-11T15:52:23</date>
  <millis>1570789343980</millis>
  <sequence>0</sequence>
  <level>START</level>
  <class>com.kms.katalon.core.logging.XmlKeywordLogger</class>
  <method>startSuite</method>
  <thread>1</thread>
  <message>Start Test Suite : Test Suites/Complete_Wallet_UI/Complete_Wallet_UI</message>
  <nestedLevel>0</nestedLevel>
  <property name="name">Complete_Wallet_UI</property>
  <property name="description">Test end to end Wallet UI tests</property>
  <property name="id">Test Suites/Complete_Wallet_UI/Complete_Wallet_UI</property>
</record>
<record>
  <date>2019-10-11T15:52:23</date>
  <millis>1570789343992</millis>
  <sequence>1</sequence>
  <level>RUN_DATA</level>
  <class>com.kms.katalon.core.logging.XmlKeywordLogger</class>
  <method>logMessage</method>
  <thread>1</thread>
  <message>hostName = vinayaka.prabhu - BLRW-36SF9X2.scientificgames.com</message>
  <nestedLevel>0</nestedLevel>
  <property name="hostName">vinayaka.prabhu - BLRW-36SF9X2.scientificgames.com</property>
</record>
<record>
  <date>2019-10-11T15:52:23</date>
  <millis>1570789343993</millis>
  <sequence>2</sequence>
  <level>RUN_DATA</level>
  <class>com.kms.katalon.core.logging.XmlKeywordLogger</class>
  <method>logMessage</method>
  <thread>1</thread>
  <message>os = Windows 10 64bit</message>
  <nestedLevel>0</nestedLevel>
  <property name="os">Windows 10 64bit</property>
</record>
<record>
  <date>2019-10-11T15:52:23</date>
  <millis>1570789343993</millis>
  <sequence>3</sequence>
  <level>RUN_DATA</level>
  <class>com.kms.katalon.core.logging.XmlKeywordLogger</class>
  <method>logMessage</method>
  <thread>1</thread>
  <message>hostAddress = 10.2.200.67</message>
  <nestedLevel>0</nestedLevel>
  <property name="hostAddress">10.2.200.67</property>
</record>
<record>
  <date>2019-10-11T15:52:24</date>
  <millis>1570789344025</millis>
  <sequence>4</sequence>
  <level>RUN_DATA</level>
  <class>com.kms.katalon.core.logging.XmlKeywordLogger</class>
  <method>logMessage</method>
  <thread>1</thread>
  <message>katalonVersion = 6.2.2.4</message>
  <nestedLevel>0</nestedLevel>
  <property name="katalonVersion">6.2.2.4</property>
</record>
<record>
  <date>2019-10-11T15:52:24</date>
  <millis>1570789344170</millis>
  <sequence>5</sequence>
  <level>START</level>
  <class>com.kms.katalon.core.logging.XmlKeywordLogger</class>
  <method>startTest</method>
  <thread>1</thread>
  <message>Start Test Case : Test Cases/Login/AdminLogin_ShouldSucceed</message>
  <nestedLevel>1</nestedLevel>
  <property name="name">Test Cases/Login/AdminLogin_ShouldSucceed</property>
  <property name="description">Logs in to the machine and closes the browser.</property>
  <property name="id">Test Cases/Login/AdminLogin_ShouldSucceed</property>
  <property name="source">C:\\Users\\vinayaka.prabhu\\Katalon Studio\\Unified_Wallet_UI_Test\\Test Cases\\Login\\AdminLogin_ShouldSucceed.tc</property>
  <property name="tag">login</property>
  <property name="isOptional">false</property>
</record>
<record>
  <date>2019-10-11T15:52:24</date>
  <millis>1570789344374</millis>
  <sequence>7</sequence>
  <level>START</level>
  <class>com.kms.katalon.core.logging.XmlKeywordLogger</class>
  <method>startKeyword</method>
  <thread>1</thread>
  <message>Start action : openBrowser(\&amp;quot;\&amp;quot;)</message>
  <nestedLevel>1</nestedLevel>
  <property name="startLine">16</property>
  <property name="stepIndex">1</property>
</record>
<record>
  <date>2019-10-11T15:52:24</date>
  <millis>1570789344597</millis>
  <sequence>9</sequence>
  <level>INFO</level>
  <class>com.kms.katalon.core.logging.XmlKeywordLogger</class>
  <method>logMessage</method>
  <thread>1</thread>
  <message>Starting &amp;apos;Chrome&amp;apos; driver</message>
  <nestedLevel>1</nestedLevel>
</record>
<record>
  <date>2019-10-11T15:52:24</date>
  <millis>1570789344634</millis>
  <sequence>11</sequence>
  <level>INFO</level>
  <class>com.kms.katalon.core.logging.XmlKeywordLogger</class>
  <method>logMessage</method>
  <thread>1</thread>
  <message>Action delay is set to 0 seconds</message>
  <nestedLevel>1</nestedLevel>
</record>
